Working on file 001...
Working on file 002...
Working on file 009...
Working on file 010...
Working on file 011...
Working on file 012...
Working on file 013...
Working on file 014...
Working on file 015...
Working on file 016...
Working on file 017...
Working on file 018...
Working on file 019...
Working on file 020...
Working on file 021...
Working on file 022...
Working on file 023...
Working on file 024...
Working on file 025...
Working on file 026...
Working on file 027...
Working on file 028...
Working on file 029...
Working on file 030...
Working on file 031...
Working on file 032...
Working on file 033...
Working on file 034...
Working on file 035...
Working on file 101...
Working on file 102...
Working on file 103...
Working on file 104...
Working on file 105...

------------------------------------------------------------
Sender: LSF System <lsfadmin@geyser09-ib>
Subject: Job 921404: <U-DIC-fullseries> in cluster <yellowstone> Done

Job <U-DIC-fullseries> was submitted from host <yslogin1-ib> by user <rbrady> in cluster <yellowstone>.
Job was executed on host(s) <geyser09-ib>, in queue <geyser>, as user <rbrady> in cluster <yellowstone>.
</glade/u/home/rbrady> was used as the home directory.
</glade/u/home/rbrady/projects/EBUS_BGC_Variability/scripts/shell> was used as the working directory.
Started at Tue Jul 25 08:45:48 2017
Results reported on Tue Jul 25 09:35:34 2017

Your job looked like:

------------------------------------------------------------
# LSBATCH: User input
#!/bin/bash
#BSUB -P P93300670             # project code
#BSUB -W 06:00                    # wall-clock time (hrs:mins)
#BSUB -n 1                       # number of tasks in job
#BSUB -J U-DIC-fullseries                    # job name
#BSUB -o U-series.%J.out             # output file name in which %J is replaced by the job ID
#BSUB -e U-series.%J.err             # error file name in which %J is replaced by the job ID
#BSUB -q geyser                   # queue - must be either geyser or caldera
#BSUB -B                                                                                              $
#BSUB -N

# Author : Riley X. Brady
# Date : 05/31/2017
# Purpose : Given a variable, will concatenate every BGC member from 1920-2100 and store away in scratch.
# This is helpful for reading into xarray and messing around with from there. 
# Notes : 
# - Cannot easily do in parallel due to all the differences between ensemble member file structure.
VAR=U
INPUT_DIR=/glade/p/cesmLE/CESM-CAM5-BGC-LE/atm/proc/tseries/monthly/${VAR}
OUTPUT_DIR=/glade/scratch/rbrady/EBUS_BGC_Variability/${VAR}_monthly
LAYER=30
DEPTH_VAR=lev
mkdir -p ${OUTPUT_DIR}

# Loop is for known BGC output. This is used because known ensemble members are split up differently.
for n in {001,002,009,010,011,012,013,014,015,016,017,018,019,020,021,022,023,024,025,026,027,028,029,030,031,032,033,034,035,101,102,103,104,105}
do
    echo "Working on file ${n}..."
    if [ ${n} == 001 ]
    then
        # Dealing with the fact that s001 begins with 1850. Need to turn it into 1920, then delete it at the end of the whole process.
        temp_file=${INPUT_DIR}/b.e11.B20TRC5CNBDRD.f09_g16.${n}.cam.h0.${VAR}.185001-200512.nc
        ncks -F -d time,841, -d ${DEPTH_VAR},${LAYER},${LAYER} ${temp_file} ${OUTPUT_DIR}/b.e11.B20TRC5CNBDRD.f09_g16.${n}.cam.h0.${VAR}.192001-200512.nc
        histFile=${OUTPUT_DIR}/b.e11.B20TRC5CNBDRD.f09_g16.${n}.cam.h0.${VAR}.192001-200512.nc
    else
        temp_file=${INPUT_DIR}/b.e11.B20TRC5CNBDRD.f09_g16.${n}.cam.h0.${VAR}.192001-200512.nc
	ncks -F -d ${DEPTH_VAR},${LAYER},${LAYER} ${temp_file} ${OUTPUT_DIR}/b.e11.B20TRC5CNBDRD.f09_g16.${n}.cam.h0.${VAR}.192001-200512.nc
	histFile=${OUTPUT_DIR}/b.e11.B20TRC5CNBDRD.f09_g16.${n}.cam.h0.${VAR}.192001-200512.nc
    fi

    if [ ${n} == 034 ] || [ ${n} == 035 ] || [ ${n} == 101 ] || [ ${n} == 102 ] || [ ${n} == 103 ] || [ ${n} == 104 ] || [ ${n} == 105 ]
    then
        temp_file=${INPUT_DIR}/b.e11.BRCP85C5CNBDRD.f09_g16.${n}.cam.h0.${VAR}.200601-210012.nc
	ncks -F -d ${DEPTH_VAR},${LAYER},${LAYER} ${temp_file} ${OUTPUT_DIR}/b.e11.BRCP85C5CNBDRD.f09_g16.${n}.cam.h0.${VAR}.200601-210012.nc
	futFile=${OUTPUT_DIR}/b.e11.BRCP85C5CNBDRD.f09_g16.${n}.cam.h0.${VAR}.200601-210012.nc
        ncrcat ${histFile} ${futFile} ${OUTPUT_DIR}/${VAR}.${n}.192001-210012.nc
	rm ${histFile} ${futFile}
    else
        temp1=${INPUT_DIR}/b.e11.BRCP85C5CNBDRD.f09_g16.${n}.cam.h0.${VAR}.200601-208012.nc
	ncks -F -d ${DEPTH_VAR},${LAYER},${LAYER} ${temp1} ${OUTPUT_DIR}/b.e11.BRCP85C5CNBDRD.f09_g16.${n}.cam.h0.${VAR}.200601-208012.nc

(... more ...)
------------------------------------------------------------

Successfully completed.

Resource usage summary:

    CPU time :                                   2585.61 sec.
    Max Memory :                                 360 MB
    Average Memory :                             156.26 MB
    Total Requested Memory :                     -
    Delta Memory :                               -
    Max Processes :                              4
    Max Threads :                                5
    Run time :                                   2985 sec.
    Turnaround time :                            2987 sec.

The output (if any) is above this job summary.



PS:

Read file <U-series.921404.err> for stderr output of this job.

